<?xml version="1.0" encoding="UTF-8"?>
<!-- Generated by org.testng.reporters.JUnitReportReporter -->
<testsuite hostname="CATO-akaur" failures="0" tests="1" name="testCases.IteratingAssessment_ReportGeneration" time="38.878" errors="0" timestamp="2021-11-09T22:31:54 EST" skipped="0">
  <testcase classname="testCases.IteratingAssessment_ReportGeneration" name="genericLGFucntion" time="38.878"/>
  <system-out/>
</testsuite> <!-- testCases.IteratingAssessment_ReportGeneration -->
